<?xml version="1.0" encoding="UTF-8"?>
<testsuite name="com.github.davidmoten.geo.LatLongTest" tests="1" skipped="0" failures="0" errors="0" timestamp="2018-04-01T12:38:08" hostname="my-laptop" time="0.0">
  <properties/>
  <testcase name="toString_inLatLong" classname="com.github.davidmoten.geo.LatLongTest" time="0.0"/>
  <system-out><![CDATA[]]></system-out>
  <system-err><![CDATA[]]></system-err>
</testsuite>
