<?xml version="1.0" encoding="UTF-8"?>
<testsuite name="com.github.davidmoten.geo.mem.InfoTest" tests="6" skipped="0" failures="0" errors="0" timestamp="2018-04-01T12:38:08" hostname="my-laptop" time="0.015">
  <properties/>
  <testcase name="toString_inInfo" classname="com.github.davidmoten.geo.mem.InfoTest" time="0.0"/>
  <testcase name="id" classname="com.github.davidmoten.geo.mem.InfoTest" time="0.015"/>
  <testcase name="lat" classname="com.github.davidmoten.geo.mem.InfoTest" time="0.0"/>
  <testcase name="lon" classname="com.github.davidmoten.geo.mem.InfoTest" time="0.0"/>
  <testcase name="time" classname="com.github.davidmoten.geo.mem.InfoTest" time="0.0"/>
  <testcase name="value" classname="com.github.davidmoten.geo.mem.InfoTest" time="0.0"/>
  <system-out><![CDATA[]]></system-out>
  <system-err><![CDATA[]]></system-err>
</testsuite>
