<?xml version="1.0" encoding="UTF-8"?>
<testsuite name="com.github.davidmoten.geo.Base32Test" tests="9" skipped="0" failures="0" errors="0" timestamp="2018-04-01T12:38:08" hostname="my-laptop" time="0.047">
  <properties/>
  <testcase name="getCharIndex_withInvalidChar" classname="com.github.davidmoten.geo.Base32Test" time="0.032"/>
  <testcase name="encodeBase32" classname="com.github.davidmoten.geo.Base32Test" time="0.0"/>
  <testcase name="decodeBase32_withNegativeValue" classname="com.github.davidmoten.geo.Base32Test" time="0.0"/>
  <testcase name="padLeftWithZerosToLength" classname="com.github.davidmoten.geo.Base32Test" time="0.0"/>
  <testcase name="encodeBase32_withNegativeValue" classname="com.github.davidmoten.geo.Base32Test" time="0.0"/>
  <testcase name="encodeBase32_withoutParamLength" classname="com.github.davidmoten.geo.Base32Test" time="0.0"/>
  <testcase name="getCharIndex" classname="com.github.davidmoten.geo.Base32Test" time="0.0"/>
  <testcase name="decodeBase32" classname="com.github.davidmoten.geo.Base32Test" time="0.0"/>
  <testcase name="padLeftWithZerosToLength_whenStringLengthGreaterThanParamLength" classname="com.github.davidmoten.geo.Base32Test" time="0.0"/>
  <system-out><![CDATA[]]></system-out>
  <system-err><![CDATA[]]></system-err>
</testsuite>
